[2018-01-04 11:04:09] (localhost) {checkout.php}
[2018-01-04 11:04:20] (103.255.7.39) {index.php}
[2018-01-04 11:07:55] (103.255.7.39) {checkout.php}
[2018-01-04 11:08:19] (103.255.7.39) {admin.php}
[2018-01-04 11:13:15] (109.201.133.30) {admin.php}
[2018-01-04 11:13:53] (109.201.133.30) {admin.php}
[2018-01-04 11:14:16] (109.201.133.30) {index.php}
[2018-01-04 11:14:29] (localhost) {index.php}
[2018-01-04 11:16:35] (109.201.133.30) {single.php}
[2018-01-04 11:17:03] (localhost) {admin.php}
[2018-01-05 09:14:59] (localhost) {admin.php}
[2018-01-05 09:15:16] (localhost) {admin.php}
[2018-01-05 03:56:14] (localhost) {index.php}
[2018-01-05 04:02:03] (localhost) {index.php}
[2018-01-06 02:02:05] (localhost) {index.php}
[2018-01-06 02:15:53] (localhost) {index.php}
[2018-01-06 08:32:03] (localhost) {index.php}
[2018-01-06 08:34:25] (localhost) {index.php}
[2018-01-06 08:53:31] (localhost) {index.php}
[2018-01-06 08:57:29] (localhost) {index.php}
[2018-01-06 09:12:27] (localhost) {index.php}
[2018-01-06 09:12:50] (localhost) {index.php}
[2018-01-06 09:14:54] (localhost) {index.php}
[2018-01-06 09:15:58] (localhost) {index.php}
[2018-01-06 09:17:40] (localhost) {index.php}
[2018-01-06 09:18:17] (localhost) {index.php}
[2018-01-06 09:19:16] (localhost) {index.php}
[2018-01-06 09:20:14] (localhost) {single.php}
[2018-01-06 09:20:49] (localhost) {single.php}
[2018-01-06 09:22:34] (localhost) {admin.php}
[2018-01-06 09:23:33] (localhost) {admin.php}
[2018-01-06 09:23:36] (localhost) {index.php}
[2018-01-06 09:24:48] (localhost) {index.php}
[2018-01-06 09:25:08] (localhost) {single.php}
[2018-01-06 09:26:56] (localhost) {single.php}
[2018-01-06 09:27:22] (localhost) {single.php}
[2018-01-06 09:28:45] (localhost) {single.php}
[2018-01-06 09:29:13] (localhost) {single.php}
[2018-01-06 09:29:30] (localhost) {single.php}
[2018-01-06 09:30:56] (localhost) {single.php}
[2018-01-06 09:32:38] (localhost) {single.php}
[2018-01-06 09:33:00] (localhost) {single.php}
[2018-01-06 09:33:33] (localhost) {single.php}
[2018-01-06 09:35:10] (localhost) {single.php}
[2018-01-06 09:38:09] (localhost) {single.php}
[2018-01-06 09:39:18] (localhost) {single.php}
[2018-01-06 09:39:55] (localhost) {single.php}
[2018-01-06 09:40:03] (localhost) {index.php}
[2018-01-06 09:40:13] (localhost) {index.php}
[2018-01-06 09:40:56] (localhost) {single.php}
[2018-01-06 09:41:41] (localhost) {single.php}
[2018-01-06 09:41:56] (localhost) {single.php}
[2018-01-06 09:42:04] (localhost) {single.php}
[2018-01-06 10:02:55] (localhost) {index.php}
[2018-01-06 11:00:02] (localhost) {index.php}
[2018-01-06 11:01:13] (localhost) {index.php}
[2018-01-06 11:02:47] (localhost) {index.php}
[2018-01-07 12:04:57] (localhost) {index.php}
[2018-01-07 12:09:14] (localhost) {index.php}
[2018-01-07 12:10:28] (localhost) {index.php}
[2018-01-07 12:15:59] (localhost) {index.php}
[2018-01-07 12:20:25] (localhost) {index.php}
[2018-01-07 12:21:58] (localhost) {contact.php}
[2018-01-07 12:24:56] (localhost) {contact.php}
[2018-01-07 12:30:39] (localhost) {contact.php}
[2018-01-07 01:11:59] (localhost) {contact.php}
[2018-01-07 01:12:43] (localhost) {contact.php}
[2018-01-07 02:34:05] (localhost) {index.php}
[2018-01-07 02:35:22] (localhost) {index.php}
[2018-01-07 02:35:35] (localhost) {index.php}
[2018-01-07 02:35:44] (localhost) {index.php}
[2018-01-07 02:58:38] (localhost) {index.php}
[2018-01-07 02:58:41] (localhost) {contact.php}
[2018-01-07 03:12:07] (localhost) {index.php}
[2018-01-07 03:12:24] (localhost) {index.php}
[2018-01-07 03:34:18] (localhost) {single.php}
[2018-01-07 03:35:15] (localhost) {checkout.php}
[2018-01-07 03:37:48] (localhost) {index.php}
[2018-01-07 06:47:59] (localhost) {index.php}
[2018-01-07 06:49:46] (localhost) {index.php}
[2018-01-07 06:50:18] (localhost) {index.php}
[2018-01-07 09:55:57] (localhost) {index.php}
[2018-01-07 10:10:43] (localhost) {index.php}
[2018-01-07 10:11:12] (103.255.6.69) (Pakistan) {index.php}
[2018-01-07 10:14:04] (localhost) {/index.php}
[2018-01-07 10:14:25] (103.255.6.69) (Pakistan) {/index.php}
[2018-01-07 10:15:43] (103.255.6.69) (Pakistan) {/admin/index.php}
[2018-01-07 10:17:46] (46.166.142.221) (Netherlands) {/admin/index.php}
[2018-01-07 10:17:49] (46.166.142.221) (Netherlands) {/index.php}
[2018-01-07 10:18:52] (204.188.215.222) (United States of America) {/index.php}
[2018-01-07 10:19:10] (204.188.215.222) (United States of America) {/index.php}
[2018-01-07 10:19:18] (204.188.215.222) (United States of America) {/index.php}
[2018-01-07 10:20:27] (185.161.200.10) (Japan) {/index.php}
[2018-01-07 10:21:02] (185.161.200.10) (Japan) {/admin/index.php}
[2018-01-07 10:25:19] (localhost) {/admin/index.php}
[2018-01-07 10:26:05] (localhost) {/admin/index.php}
[2018-01-07 10:26:18] (localhost) {/admin/index.php}
[2018-01-07 10:26:52] (localhost) {/admin/index.php}
[2018-01-07 10:27:08] (localhost) {/admin/index.php}
[2018-01-07 10:29:03] (localhost) {/admin/index.php}
[2018-01-07 10:29:20] (localhost) {/admin/index.php}
[2018-01-07 10:30:21] (localhost) {/admin/index.php}
[2018-01-07 10:30:42] (localhost) {/admin/index.php}
[2018-01-07 10:31:17] (localhost) {/admin/index.php}
[2018-01-07 10:31:41] (localhost) {/admin/index.php}
[2018-01-07 10:32:07] (localhost) {/admin/index.php}
[2018-01-07 10:32:58] (localhost) {/admin/index.php}
[2018-01-07 10:33:38] (localhost) {/admin/index.php}
[2018-01-07 10:38:08] (localhost) {/admin/index.php}
[2018-01-07 10:38:44] (localhost) {/admin/index.php}
[2018-01-07 10:39:04] (localhost) {/admin/index.php}
[2018-01-07 10:39:36] (localhost) {/admin/index.php}
[2018-01-07 10:41:21] (localhost) {/admin/index.php}
[2018-01-07 10:42:04] (localhost) {/admin/index.php}
[2018-01-07 10:43:42] (localhost) {/admin/index.php}
[2018-01-07 10:44:09] (localhost) {/admin/index.php}
[2018-01-07 10:45:26] (localhost) {/admin/index.php}
[2018-01-07 10:45:34] (localhost) {/admin/index.php}
[2018-01-07 10:47:00] (localhost) {/admin/index.php}
[2018-01-07 10:47:19] (localhost) {/admin/index.php}
[2018-01-07 10:47:27] (localhost) {/admin/index.php}
[2018-01-07 10:47:38] (localhost) {/admin/index.php}
[2018-01-07 10:48:25] (localhost) {/admin/index.php}
[2018-01-07 10:48:42] (localhost) {/admin/index.php}
[2018-01-07 10:51:41] (localhost) {/admin/index.php}
[2018-01-07 10:52:06] (localhost) {/admin/index.php}
[2018-01-07 10:52:49] (localhost) {/admin/index.php}
[2018-01-07 10:53:08] (localhost) {/admin/index.php}
[2018-01-07 10:53:25] (localhost) {/admin/index.php}
[2018-01-07 10:53:45] (localhost) {/admin/index.php}
[2018-01-07 10:54:05] (localhost) {/admin/index.php}
[2018-01-07 10:54:23] (localhost) {/admin/index.php}
[2018-01-07 10:55:13] (localhost) {/admin/index.php}
[2018-01-07 10:55:51] (localhost) {/admin/index.php}
[2018-01-07 10:56:10] (localhost) {/admin/index.php}
[2018-01-07 10:56:22] (localhost) {/admin/index.php}
[2018-01-07 10:56:40] (localhost) {/admin/index.php}
[2018-01-07 10:59:28] (localhost) {/admin/index.php}
[2018-01-07 11:00:31] (localhost) {/admin/index.php}
[2018-01-07 11:00:49] (localhost) {/admin/index.php}
[2018-01-07 11:01:31] (localhost) {/admin/index.php}
[2018-01-07 11:02:38] (localhost) {/admin/index.php}
[2018-01-07 11:02:47] (localhost) {/admin/index.php}
[2018-01-07 11:03:58] (localhost) {/admin/index.php}
[2018-01-07 11:04:41] (localhost) {/admin/index.php}
[2018-01-07 11:06:43] (localhost) {/admin/index.php}
[2018-01-07 11:07:39] (localhost) {/admin/index.php}
[2018-01-07 11:10:37] (localhost) {/admin/index.php}
[2018-01-07 11:10:59] (localhost) {/admin/index.php}
[2018-01-07 11:11:26] (localhost) {/admin/index.php}
[2018-01-07 11:11:44] (localhost) {/admin/index.php}
[2018-01-07 11:12:11] (localhost) {/admin/index.php}
[2018-01-07 11:12:36] (localhost) {/admin/index.php}
[2018-01-07 11:14:07] (localhost) {/admin/index.php}
[2018-01-07 11:15:15] (localhost) {/admin/index.php}
[2018-01-07 11:15:40] (localhost) {/admin/index.php}
[2018-01-07 11:16:14] (localhost) {/admin/index.php}
[2018-01-07 11:16:25] (localhost) {/admin/index.php}
[2018-01-07 11:22:36] (localhost) {/admin/index.php}
[2018-01-07 11:23:18] (localhost) {/admin/index.php}
[2018-01-07 11:23:38] (localhost) {/admin/index.php}
[2018-01-07 11:23:49] (localhost) {/admin/index.php}
[2018-01-07 11:24:01] (localhost) {/admin/index.php}
[2018-01-07 11:25:06] (localhost) {/admin/index.php}
[2018-01-07 11:25:55] (localhost) {/admin/index.php}
[2018-01-07 11:26:05] (localhost) {/admin/index.php}
[2018-01-07 11:26:23] (localhost) {/admin/index.php}
[2018-01-07 11:28:43] (localhost) {/admin/index.php}
[2018-01-07 11:28:59] (localhost) {/admin/index.php}
[2018-01-07 11:29:18] (localhost) {/admin/index.php}
[2018-01-07 11:29:33] (localhost) {/admin/index.php}
[2018-01-07 11:29:42] (localhost) {/admin/index.php}
[2018-01-07 11:29:53] (localhost) {/admin/index.php}
[2018-01-07 11:30:13] (localhost) {/admin/index.php}
[2018-01-07 11:30:54] (localhost) {/admin/index.php}
[2018-01-07 11:31:49] (localhost) {/admin/index.php}
[2018-01-07 11:32:44] (localhost) {/admin/index.php}
[2018-01-07 11:32:55] (localhost) {/admin/index.php}
[2018-01-07 11:33:05] (localhost) {/admin/index.php}
[2018-01-07 11:33:12] (localhost) {/admin/index.php}
[2018-01-07 11:36:00] (localhost) {/admin/index.php}
[2018-01-07 11:37:15] (localhost) {/admin/index.php}
[2018-01-07 11:37:37] (localhost) {/admin/index.php}
[2018-01-07 11:38:29] (localhost) {/admin/index.php}
[2018-01-07 11:39:22] (localhost) {/admin/index.php}
[2018-01-07 11:40:02] (localhost) {/admin/index.php}
[2018-01-07 11:40:12] (localhost) {/admin/index.php}
[2018-01-07 11:40:24] (localhost) {/admin/index.php}
[2018-01-07 11:40:51] (localhost) {/admin/index.php}
[2018-01-07 11:49:25] (46.166.142.221) (Netherlands) {/index.php}
[2018-01-07 11:49:49] (46.166.142.221) (Netherlands) {/index.php}
[2018-01-07 11:49:54] (46.166.142.221) (Netherlands) {/index.php}
[2018-01-07 11:50:05] (localhost) {/admin/index.php}
[2018-01-07 11:50:50] (103.255.6.69) (Pakistan) {/index.php}
[2018-01-07 11:51:01] (103.255.6.69) (Pakistan) {/index.php}
[2018-01-07 11:51:06] (103.255.6.69) (Pakistan) {/index.php}
[2018-01-07 11:51:15] (103.255.6.69) (Pakistan) {/index.php}
[2018-01-07 11:51:19] (103.255.6.69) (Pakistan) {/index.php}
[2018-01-07 11:51:21] (localhost) {/admin/index.php}
[2018-01-08 12:03:43] (localhost) {/admin/index.php}
[2018-01-08 12:03:48] (localhost) {/index.php}
[2018-01-08 12:07:22] (localhost) {/index.php}
[2018-01-08 12:07:26] (localhost) {/admin/index.php}
[2018-01-08 12:10:44] (localhost) {/admin/index.php}
[2018-01-08 12:10:53] (localhost) {/admin/index.php}
[2018-01-08 12:11:13] (localhost) {/admin/index.php}
[2018-01-08 12:11:23] (localhost) {/admin/index.php}
[2018-01-08 12:11:28] (localhost) {/admin/index.php}
[2018-01-08 12:11:30] (localhost) {/admin/index.php}
[2018-01-08 12:11:31] (localhost) {/admin/index.php}
[2018-01-08 12:11:36] (localhost) {/admin/index.php}
[2018-01-08 12:11:47] (localhost) {/admin/index.php}
[2018-01-08 12:11:58] (localhost) {/admin/user.php}
[2018-01-08 12:12:01] (localhost) {/admin/feedback.php}
[2018-01-08 12:13:14] (localhost) {/admin/index.php}
[2018-01-08 12:13:17] (localhost) {/admin/index.php}
[2018-01-08 12:13:22] (localhost) {/admin/index.php}
[2018-01-08 12:13:40] (localhost) {/admin/index.php}
[2018-01-08 12:13:43] (localhost) {/admin/index.php}
[2018-01-08 12:13:45] (localhost) {/admin/index.php}
[2018-01-08 12:13:55] (localhost) {/admin/feedback.php}
[2018-01-08 12:13:59] (localhost) {/admin/user.php}
[2018-01-08 12:14:42] (localhost) {/admin/user.php}
[2018-01-08 12:16:02] (localhost) {/admin/user.php}
[2018-01-08 12:16:05] (localhost) {/admin/index.php}
[2018-01-08 12:16:09] (localhost) {/admin/index.php}
[2018-01-08 12:17:47] (localhost) {/admin/index.php}
[2018-01-08 12:18:18] (localhost) {/admin/index.php}
[2018-01-08 12:19:24] (localhost) {/admin/feedback.php}
[2018-01-08 12:19:28] (localhost) {/admin/index.php}
[2018-01-08 12:19:31] (localhost) {/admin/user.php}
[2018-01-08 12:20:18] (localhost) {/admin/index.php}
[2018-01-08 12:21:08] (localhost) {/admin/index.php}
[2018-01-08 12:21:25] (localhost) {/admin/index.php}
[2018-01-08 12:22:12] (localhost) {/admin/index.php}
[2018-01-08 12:22:18] (localhost) {/admin/index.php}
[2018-01-08 12:22:50] (localhost) {/admin/index.php}
[2018-01-08 12:24:45] (localhost) {/admin/index.php}
[2018-01-08 12:25:11] (localhost) {/contact.php}
[2018-01-08 12:26:49] (localhost) {/admin/index.php}
[2018-01-08 12:27:05] (localhost) {/admin/index.php}
[2018-01-08 06:43:46] (localhost) {/index.php}
[2018-01-08 06:43:57] (localhost) {/admin/index.php}
[2018-01-08 06:52:37] (localhost) {/index.php}
[2018-01-08 06:52:53] (localhost) {/admin/index.php}
[2018-01-08 06:53:09] (localhost) {/admin/index.php}
[2018-01-08 06:53:13] (localhost) {/index.php}
[2018-01-08 09:13:29] (localhost) {/index.php}
[2018-01-08 09:18:53] (localhost) {/shopkeeper/index.php}
[2018-01-08 09:19:44] (localhost) {/shopkeeper/index.php}
[2018-01-08 09:19:45] (localhost) {/shopkeeper/select.php}
[2018-01-08 09:25:21] (localhost) {/index.php/shopkeeper}
[2018-01-08 09:25:39] (localhost) {/index.php}
[2018-01-08 09:28:32] (localhost) {/admin/index.php}
[2018-01-08 09:28:36] (localhost) {/shopkeeper/index.php}
[2018-01-08 09:28:37] (localhost) {/shopkeeper/select.php}
[2018-01-08 09:30:29] (localhost) {/index.php}
[2018-01-08 09:31:23] (localhost) {/index.php}
[2018-01-08 09:35:28] (localhost) {/admin/index.php}
[2018-01-08 09:37:56] (localhost) {/index.php}
[2018-01-08 09:40:23] (localhost) {/admin/index.php}
[2018-01-08 09:40:40] (localhost) {/admin/user.php}
[2018-01-08 09:41:20] (localhost) {/admin/feedback.php}
[2018-01-08 09:41:27] (localhost) {/index.php}
[2018-01-08 09:41:29] (localhost) {/contact.php}
[2018-01-08 09:42:00] (localhost) {/contact.php}
[2018-01-08 09:42:45] (localhost) {/admin/index.php}
[2018-01-08 09:42:49] (localhost) {/admin/feedback.php}
[2018-01-08 09:43:33] (localhost) {/index.php}
[2018-01-08 09:49:45] (localhost) {/index.php}
[2018-01-08 09:49:48] (localhost) {/index.php}
[2018-01-08 09:56:12] (localhost) {/category.php}
[2018-01-08 09:56:27] (localhost) {/category.php}
[2018-01-08 09:56:45] (localhost) {/category.php}
[2018-01-08 09:58:13] (localhost) {/category.php}
[2018-01-08 09:58:26] (localhost) {/category.php}
[2018-01-08 09:59:21] (localhost) {/category.php}
[2018-01-08 10:00:17] (localhost) {/category.php}
[2018-01-08 10:07:16] (localhost) {/index.php}
[2018-01-08 10:08:55] (localhost) {/index.php}
[2018-01-08 10:09:44] (localhost) {/index.php}
[2018-01-08 10:10:49] (localhost) {/index.php}
[2018-01-08 10:11:37] (localhost) {/index.php}
[2018-01-08 10:11:55] (localhost) {/index.php}
[2018-01-08 10:12:39] (localhost) {/index.php}
[2018-01-08 02:33:03] (localhost) {/index.php}
[2018-01-08 02:34:26] (localhost) {/index.php}
[2018-01-08 02:35:28] (localhost) {/index.php}
[2018-01-08 02:37:12] (localhost) {/index.php}
[2018-01-08 02:41:58] (localhost) {/index.php}
[2018-01-08 02:46:36] (localhost) {/index.php}
[2018-01-08 02:46:41] (localhost) {/index.php}
[2018-01-08 02:46:43] (localhost) {/index.php}
[2018-01-08 02:47:15] (localhost) {/index.php}
[2018-01-08 02:48:12] (localhost) {/index.php}
[2018-01-08 02:48:43] (localhost) {/index.php}
[2018-01-08 02:49:18] (localhost) {/index.php}
[2018-01-08 02:50:28] (localhost) {/index.php}
[2018-01-08 02:54:10] (localhost) {/index.php}
[2018-01-08 02:55:19] (localhost) {/index.php}
[2018-01-08 02:55:40] (localhost) {/index.php}
[2018-01-08 02:56:02] (localhost) {/index.php}
[2018-01-08 02:57:01] (localhost) {/index.php}
[2018-01-08 02:57:40] (localhost) {/index.php}
[2018-01-08 03:57:25] (localhost) {/index.php}
[2018-01-08 03:58:03] (localhost) {/index.php}
[2018-01-08 04:10:32] (localhost) {/index.php}
[2018-01-08 04:11:39] (localhost) {/index.php}
[2018-01-08 04:13:16] (localhost) {/single.php}
[2018-01-08 04:14:13] (localhost) {/index.php}
[2018-01-08 04:17:21] (localhost) {/index.php}
[2018-01-08 04:17:48] (localhost) {/index.php}
[2018-01-08 04:20:10] (localhost) {/index.php}
[2018-01-08 04:21:17] (localhost) {/index.php}
[2018-01-08 04:23:20] (localhost) {/index.php}
[2018-01-08 04:53:51] (localhost) {/category.php}
[2018-01-08 04:55:03] (localhost) {/category.php}
[2018-01-08 04:56:38] (localhost) {/category.php}
[2018-01-08 04:56:54] (localhost) {/category.php}
[2018-01-08 04:58:26] (localhost) {/category.php}
[2018-01-08 04:59:07] (localhost) {/category.php}
[2018-01-08 05:01:01] (localhost) {/category.php}
[2018-01-08 05:02:57] (localhost) {/category.php}
[2018-01-08 05:03:57] (localhost) {/category.php}
[2018-01-08 05:05:12] (localhost) {/category.php}
[2018-01-08 05:05:36] (localhost) {/category.php}
[2018-01-08 05:07:17] (localhost) {/category.php}
[2018-01-08 05:10:47] (localhost) {/category.php}
[2018-01-08 05:14:43] (localhost) {/category.php}
[2018-01-08 05:22:10] (localhost) {/category.php}
[2018-01-08 05:22:37] (localhost) {/category.php}
[2018-01-08 05:29:23] (localhost) {/category.php}
[2018-01-08 05:32:13] (localhost) {/category.php}
[2018-01-08 05:32:29] (localhost) {/category.php}
[2018-01-08 05:38:15] (localhost) {/subcategory.php}
[2018-01-08 05:42:13] (localhost) {/subcategory.php}
[2018-01-08 05:42:42] (localhost) {/subcategory.php}
[2018-01-08 05:43:14] (localhost) {/subcategory.php}
[2018-01-08 05:44:04] (localhost) {/index.php}
[2018-01-08 05:50:46] (localhost) {/index.php}
[2018-01-08 05:53:26] (localhost) {/index.php}
[2018-01-08 05:54:14] (localhost) {/subcategory.php}
[2018-01-08 05:56:08] (localhost) {/index.php}
[2018-01-08 05:57:43] (localhost) {/subcategory.php}
[2018-01-08 06:03:51] (localhost) {/index.php}
[2018-01-08 06:16:13] (localhost) {/index.php}
[2018-01-08 06:17:19] (localhost) {/SaleProducts.php}
[2018-01-08 06:17:49] (localhost) {/SaleProducts.php}
[2018-01-08 06:17:57] (localhost) {/SaleProducts.php}
[2018-01-08 06:21:24] (localhost) {/index.php}
[2018-01-08 06:22:37] (localhost) {/index.php}
[2018-01-08 06:22:43] (localhost) {/newProducts.php}
[2018-01-08 06:23:23] (localhost) {/newProducts.php}
[2018-01-08 06:23:34] (localhost) {/newProducts.php}
[2018-01-08 06:24:44] (localhost) {/newProducts.php}
[2018-01-08 06:26:07] (localhost) {/newProducts.php}
[2018-01-08 06:26:16] (localhost) {/newProducts.php}
[2018-01-08 06:27:48] (localhost) {/newProducts.php}
[2018-01-08 06:27:56] (localhost) {/newProducts.php}
[2018-01-08 06:29:04] (localhost) {/newProducts.php}
[2018-01-08 06:29:23] (localhost) {/newProducts.php}
[2018-01-08 06:29:32] (localhost) {/single.php}
[2018-01-08 06:35:57] (localhost) {/index.php}
[2018-01-08 06:36:43] (localhost) {/index.php}
[2018-01-08 06:39:20] (localhost) {/index.php}
[2018-01-08 06:47:48] (localhost) {/admin/index.php}
[2018-01-08 06:47:53] (localhost) {/about.php}
[2018-01-08 06:48:44] (localhost) {/about.php}
[2018-01-08 07:04:03] (localhost) {/index.php}
[2018-01-08 07:06:08] (localhost) {/index.php}
[2018-01-08 07:12:56] (localhost) {/admin/index.php}
[2018-01-08 07:12:57] (localhost) {/index.php/about}
[2018-01-08 07:13:05] (localhost) {/about.php}
[2018-01-08 07:13:24] (localhost) {/index.php}
[2018-01-08 07:14:45] (localhost) {/about.php}
[2018-01-08 07:15:13] (localhost) {/about.php}
[2018-01-08 07:16:34] (localhost) {/about.php}
[2018-01-08 07:18:42] (localhost) {/about.php}
[2018-01-08 07:19:04] (localhost) {/about.php}
[2018-01-08 07:19:40] (localhost) {/index.php}
[2018-01-08 07:20:25] (localhost) {/about.php}
[2018-01-08 07:22:07] (localhost) {/about.php}
[2018-01-08 07:23:13] (localhost) {/about.php}
[2018-01-08 07:24:00] (localhost) {/about.php}
[2018-01-08 07:25:05] (localhost) {/about.php}
[2018-01-08 07:25:17] (localhost) {/about.php}
[2018-01-08 07:25:55] (localhost) {/about.php}
[2018-01-08 07:28:02] (localhost) {/index.php/shopkeeper}
[2018-01-08 07:28:08] (localhost) {/shopkeeper.php}
[2018-01-08 07:29:40] (localhost) {/index.php}
[2018-01-08 07:39:49] (localhost) {/index.php}
[2018-01-08 07:40:25] (localhost) {/index.php}
[2018-01-08 07:40:51] (localhost) {/index.php}
[2018-01-08 07:42:32] (localhost) {/index.php}
[2018-01-08 07:46:01] (localhost) {/index.php}
[2018-01-08 07:46:28] (localhost) {/index.php}
[2018-01-08 07:47:34] (localhost) {/index.php}
[2018-01-08 07:48:27] (localhost) {/index.php}
[2018-01-08 07:49:08] (localhost) {/index.php}
[2018-01-08 07:49:25] (localhost) {/index.php}
[2018-01-08 07:49:37] (localhost) {/index.php}
[2018-01-08 07:50:09] (localhost) {/index.php}
[2018-01-08 07:50:29] (localhost) {/index.php}
[2018-01-08 08:02:13] (localhost) {/index.php}
[2018-01-08 08:05:55] (localhost) {/index.php}
[2018-01-08 08:07:45] (localhost) {/index.php}
[2018-01-08 08:08:19] (localhost) {/index.php}
[2018-01-08 08:11:18] (localhost) {/index.php}
[2018-01-08 08:12:24] (localhost) {/index.php}
[2018-01-08 08:13:11] (localhost) {/index.php}
[2018-01-08 08:19:42] (localhost) {/index.php}
[2018-01-08 08:20:09] (localhost) {/index.php}
[2018-01-08 08:21:55] (localhost) {/index.php}
[2018-01-08 08:23:12] (localhost) {/index.php}
[2018-01-08 08:29:19] (localhost) {/index.php}
[2018-01-08 08:29:56] (localhost) {/index.php}
[2018-01-08 08:32:34] (localhost) {/index.php}
[2018-01-08 08:35:27] (localhost) {/index.php}
[2018-01-08 08:36:15] (localhost) {/index.php}
[2018-01-08 08:37:09] (localhost) {/index.php}
[2018-01-08 08:37:14] (localhost) {/index.php}
[2018-01-08 08:38:10] (localhost) {/index.php}
[2018-01-08 08:39:46] (localhost) {/index.php}
[2018-01-08 08:40:32] (localhost) {/index.php}
[2018-01-08 08:41:42] (localhost) {/index.php}
[2018-01-08 08:42:29] (localhost) {/index.php}
[2018-01-08 08:46:10] (localhost) {/index.php}
[2018-01-08 08:47:16] (localhost) {/index.php}
[2018-01-08 08:48:01] (localhost) {/index.php}
[2018-01-08 08:49:55] (localhost) {/index.php}
[2018-01-08 08:51:04] (localhost) {/index.php}
[2018-01-08 08:51:19] (localhost) {/index.php}
[2018-01-08 08:52:50] (localhost) {/index.php}
[2018-01-08 08:53:39] (localhost) {/index.php}
[2018-01-08 08:54:28] (localhost) {/index.php}
[2018-01-08 08:56:30] (localhost) {/index.php}
[2018-01-08 08:57:03] (localhost) {/index.php}
[2018-01-08 08:57:14] (localhost) {/index.php}
[2018-01-08 08:57:51] (localhost) {/index.php}
[2018-01-08 08:59:26] (localhost) {/index.php}
[2018-01-08 09:02:21] (localhost) {/index.php}
[2018-01-08 09:08:15] (localhost) {/index.php}
[2018-01-08 09:08:49] (localhost) {/index.php}
[2018-01-08 09:10:28] (localhost) {/index.php}
[2018-01-08 09:11:36] (localhost) {/index.php}
[2018-01-08 09:12:26] (localhost) {/index.php}
[2018-01-08 09:13:29] (localhost) {/index.php}
[2018-01-08 09:23:52] (localhost) {/index.php}
[2018-01-08 09:26:03] (localhost) {/index.php}
[2018-01-08 09:29:10] (localhost) {/index.php}
[2018-01-08 09:30:32] (localhost) {/index.php}
[2018-01-08 09:37:41] (localhost) {/index.php}
[2018-01-08 09:38:39] (localhost) {/index.php}
[2018-01-08 09:39:29] (localhost) {/index.php}
[2018-01-08 09:42:13] (localhost) {/index.php}
[2018-01-08 09:43:50] (localhost) {/index.php}
[2018-01-08 09:43:53] (localhost) {/newProducts.php}
[2018-01-08 09:46:30] (localhost) {/newProducts.php}
[2018-01-08 09:46:53] (localhost) {/index.php}
[2018-01-08 09:47:01] (localhost) {/contact.php}
[2018-01-08 09:47:03] (localhost) {/about.php}
[2018-01-08 09:50:44] (localhost) {/index.php}
[2018-01-08 09:58:36] (localhost) {/index.php}
[2018-01-08 09:59:07] (localhost) {/index.php}
[2018-01-08 09:59:42] (localhost) {/index.php}
[2018-01-08 10:04:55] (localhost) {/index.php}
[2018-01-08 10:05:19] (localhost) {/index.php}
[2018-01-08 10:07:05] (localhost) {/index.php}
[2018-01-08 10:09:17] (localhost) {/index.php}
[2018-01-08 10:10:20] (localhost) {/index.php}
[2018-01-08 10:10:37] (localhost) {/index.php}
[2018-01-08 10:11:07] (localhost) {/index.php}
[2018-01-08 10:11:30] (localhost) {/index.php}
[2018-01-08 10:11:49] (localhost) {/index.php}
[2018-01-08 10:12:02] (localhost) {/index.php}
[2018-01-08 10:12:42] (localhost) {/index.php}
[2018-01-08 10:13:38] (localhost) {/index.php}
[2018-01-08 10:13:52] (localhost) {/index.php}
[2018-01-08 10:15:26] (localhost) {/index.php}
[2018-01-08 10:15:48] (localhost) {/index.php}
[2018-01-08 10:18:20] (localhost) {/index.php}
[2018-01-08 10:18:35] (localhost) {/index.php}
[2018-01-08 10:20:20] (localhost) {/index.php}
[2018-01-08 10:25:29] (localhost) {/index.php}
[2018-01-08 10:30:21] (localhost) {/index.php}
[2018-01-08 10:31:39] (localhost) {/index.php}
[2018-01-08 10:32:17] (localhost) {/index.php}
[2018-01-08 10:35:07] (localhost) {/index.php}
[2018-01-08 11:17:23] (localhost) {/index.php}
[2018-01-08 11:18:56] (localhost) {/index.php}
[2018-01-08 11:20:07] (localhost) {/index.php}
[2018-01-08 11:20:11] (localhost) {/contact.php}
[2018-01-08 11:20:13] (localhost) {/about.php}
[2018-01-08 11:20:16] (localhost) {/index.php}
[2018-01-08 11:20:28] (localhost) {/subcategory.php}
[2018-01-08 11:20:45] (localhost) {/category.php}
[2018-01-08 11:22:48] (localhost) {/index.php}
[2018-01-08 11:26:46] (localhost) {/index.php}
[2018-01-08 11:27:14] (localhost) {/index.php}
[2018-01-08 11:27:37] (localhost) {/index.php}
[2018-01-08 11:29:12] (localhost) {/index.php}
[2018-01-08 11:30:53] (localhost) {/index.php}
[2018-01-08 11:32:40] (localhost) {/index.php}
[2018-01-08 11:35:36] (localhost) {/index.php}
[2018-01-08 11:36:39] (localhost) {/index.php}
[2018-01-08 11:36:44] (localhost) {/about.php}
[2018-01-08 11:39:41] (localhost) {/index.php}
[2018-01-08 11:40:25] (localhost) {/index.php}
[2018-01-08 11:43:58] (localhost) {/index.php}
[2018-01-08 11:46:11] (localhost) {/index.php}
[2018-01-08 11:48:06] (localhost) {/index.php}
[2018-01-08 11:50:15] (localhost) {/index.php}
[2018-01-08 11:51:20] (localhost) {/index.php}
[2018-01-08 11:57:27] (localhost) {/index.php}
[2018-01-08 11:58:06] (localhost) {/index.php}
[2018-01-08 11:58:11] (localhost) {/category.php}
[2018-01-08 11:59:20] (localhost) {/category.php}
[2018-01-09 12:00:39] (localhost) {/category.php}
[2018-01-09 12:00:54] (localhost) {/subcategory.php}
[2018-01-09 12:02:34] (localhost) {/category.php}
[2018-01-09 12:02:54] (localhost) {/subcategory.php}
[2018-01-09 12:03:11] (localhost) {/single.php}
[2018-01-09 12:03:19] (localhost) {/index.php}
[2018-01-09 12:03:34] (localhost) {/subcategory.php}
[2018-01-09 12:05:08] (localhost) {/subcategory.php}
[2018-01-09 12:05:22] (localhost) {/subcategory.php}
[2018-01-09 12:05:40] (localhost) {/subcategory.php}
[2018-01-09 06:05:19] (localhost) {/index.php}
[2018-01-09 06:05:57] (localhost) {/category.php}
[2018-01-09 06:06:05] (localhost) {/category.php}
[2018-01-09 06:06:28] (localhost) {/subcategory.php}
[2018-01-09 06:07:07] (localhost) {/index.php}
[2018-01-09 06:07:13] (localhost) {/category.php}
[2018-01-09 06:07:27] (localhost) {/index.php}
[2018-01-09 06:07:31] (localhost) {/category.php}
[2018-01-09 06:08:38] (localhost) {/index.php}
[2018-01-09 06:08:45] (localhost) {/category.php}
[2018-01-09 06:09:09] (localhost) {/index.php}
[2018-01-09 06:09:21] (localhost) {/category.php}
[2018-01-09 06:11:06] (localhost) {/index.php}
[2018-01-09 06:11:14] (localhost) {/category.php}
[2018-01-09 06:11:21] (localhost) {/subcategory.php}
[2018-01-09 06:11:34] (localhost) {/subcategory.php}
[2018-01-09 06:12:37] (localhost) {/subcategory.php}
[2018-01-09 06:12:45] (localhost) {/subcategory.php}
[2018-01-09 06:15:42] (localhost) {/index.php}
[2018-01-09 06:26:35] (localhost) {/category.php}
[2018-01-09 06:27:07] (localhost) {/index.php}
[2018-01-09 06:28:06] (localhost) {/category.php}
[2018-01-09 06:29:29] (localhost) {/checkout.php}
[2018-01-09 06:29:55] (localhost) {/admin/index.php}
[2018-01-09 06:30:09] (localhost) {/admin/index.php}
[2018-01-09 06:32:27] (localhost) {/admin/index.php}
[2018-01-09 06:34:36] (localhost) {/admin/user.php}
[2018-01-09 06:34:58] (localhost) {/admin/user.php}
[2018-01-09 06:35:10] (localhost) {/index.php}
[2018-01-09 06:35:26] (localhost) {/about.php}
[2018-01-09 06:37:01] (localhost) {/contact.php}
[2018-01-09 06:39:09] (localhost) {/contact.php}
[2018-01-09 06:39:14] (localhost) {/admin/index.php}
[2018-01-09 06:39:19] (localhost) {/admin/feedback.php}
[2018-01-09 06:40:11] (localhost) {/index.php}
[2018-01-09 06:40:14] (localhost) {/about.php}
[2018-01-09 06:40:16] (localhost) {/contact.php}
[2018-01-09 06:48:52] (localhost) {/contact.php}
[2018-01-09 06:49:39] (localhost) {/contact.php}
[2018-01-09 06:53:44] (localhost) {/contact.php}
[2018-01-09 06:56:58] (localhost) {/contact.php}
[2018-01-09 07:00:50] (localhost) {/contact.php}
[2018-01-09 07:01:47] (localhost) {/contact.php}
[2018-01-09 07:02:37] (localhost) {/contact.php}
[2018-01-09 07:03:13] (localhost) {/contact.php}
[2018-01-09 07:03:35] (localhost) {/contact.php}
[2018-01-09 07:03:51] (localhost) {/contact.php}
[2018-01-09 07:04:05] (localhost) {/contact.php}
[2018-01-09 07:04:57] (localhost) {/index.php}
[2018-01-09 07:52:18] (localhost) {/index.php}
[2018-01-09 07:53:51] (localhost) {/index.php}
[2018-01-09 07:55:26] (localhost) {/index.php}
[2018-01-09 07:59:59] (localhost) {/index.php}
[2018-01-09 08:03:37] (localhost) {/index.php}
[2018-01-09 08:05:14] (localhost) {/index.php}
[2018-01-09 08:12:07] (localhost) {/index.php}
[2018-01-09 08:12:48] (localhost) {/index.php}
[2018-01-09 08:12:56] (localhost) {/index.php}
[2018-01-09 08:13:35] (localhost) {/index.php}
[2018-01-09 08:19:56] (localhost) {/index.php}
[2018-01-09 08:22:22] (localhost) {/index.php}
[2018-01-09 08:22:36] (localhost) {/index.php}
[2018-01-09 08:25:09] (localhost) {/index.php}
[2018-01-09 08:26:46] (localhost) {/index.php}
[2018-01-09 08:29:01] (localhost) {/shopkeeper/index.php}
[2018-01-09 08:31:04] (localhost) {/shopkeeper/index.php}
[2018-01-09 08:31:15] (localhost) {/shopkeeper/select.php}
[2018-01-09 08:32:15] (localhost) {/shopkeeper/index.php}
[2018-01-09 08:32:20] (localhost) {/shopkeeper/select.php}
[2018-01-09 08:38:13] (localhost) {/index.php}
[2018-01-09 08:38:28] (localhost) {/index.php}
[2018-01-09 08:40:55] (localhost) {/index.php}
[2018-01-09 08:44:48] (localhost) {/index.php}
[2018-01-09 08:47:11] (localhost) {/index.php}
[2018-01-09 08:58:33] (localhost) {/index.php}
[2018-01-09 08:59:32] (localhost) {/single.php}
[2018-01-09 08:59:43] (localhost) {/index.php}
[2018-01-09 08:59:50] (localhost) {/checkout.php}
[2018-01-09 09:00:29] (localhost) {/checkout.php}
[2018-01-09 09:00:50] (localhost) {/admin/index.php}
[2018-01-09 09:00:56] (localhost) {/admin/index.php}
[2018-01-09 09:02:07] (localhost) {/admin/user.php}
[2018-01-09 09:06:40] (localhost) {/index.php}
[2018-01-09 09:18:22] (localhost) {/index.php}
[2018-01-09 09:29:46] (localhost) {/index.php}
[2018-01-09 09:31:22] (localhost) {/index.php}
[2018-01-09 09:31:54] (localhost) {/index.php}
[2018-01-09 09:58:02] (localhost) {/login.php}
[2018-01-09 09:59:03] (localhost) {/login.php}
[2018-01-09 09:59:53] (localhost) {/login.php}
[2018-01-09 10:00:03] (localhost) {/login.php}
[2018-01-09 10:01:31] (localhost) {/login.php}
[2018-01-09 10:01:41] (localhost) {/login.php}
[2018-01-09 10:02:21] (localhost) {/login.php}
[2018-01-09 10:02:36] (localhost) {/login.php}
[2018-01-09 10:03:04] (localhost) {/login.php}
[2018-01-09 10:03:46] (localhost) {/login.php}
[2018-01-09 10:04:03] (localhost) {/login.php}
[2018-01-09 10:04:10] (localhost) {/login.php}
[2018-01-09 10:04:29] (localhost) {/login.php}
[2018-01-09 10:05:08] (localhost) {/index.php}
[2018-01-09 10:05:11] (localhost) {/login.php}
[2018-01-09 10:05:20] (localhost) {/login.php}
[2018-01-09 10:05:20] (localhost) {/index.php}
[2018-01-09 10:05:20] (localhost) {/shopkeeper/index.php}
[2018-01-09 10:05:20] (localhost) {/shopkeeper/select.php}
[2018-01-09 10:05:31] (localhost) {/index.php}
[2018-01-09 10:05:35] (localhost) {/login.php}
[2018-01-09 10:05:58] (localhost) {/login.php}
[2018-01-09 10:05:58] (localhost) {/index.php}
[2018-01-09 10:05:58] (localhost) {/admin/index.php}
[2018-01-09 10:06:08] (localhost) {/index.php}
[2018-01-09 10:36:08] (localhost) {/login.php}
[2018-01-09 10:37:05] (localhost) {/login.php}
[2018-01-09 10:39:50] (localhost) {/login.php}
[2018-01-09 10:40:29] (localhost) {/index.php}
[2018-01-09 10:40:33] (localhost) {/login.php}
[2018-01-09 10:41:27] (localhost) {/login.php}
[2018-01-09 10:45:25] (localhost) {/login.php}
[2018-01-09 10:47:24] (localhost) {/login.php}
[2018-01-09 10:48:39] (localhost) {/login.php}
[2018-01-09 10:50:25] (localhost) {/login.php}
[2018-01-09 10:50:26] (localhost) {/login.php}
[2018-01-09 10:51:33] (localhost) {/login.php}
[2018-01-09 10:52:23] (localhost) {/login.php}
[2018-01-09 10:52:23] (localhost) {/login.php}
[2018-01-09 10:52:41] (localhost) {/login.php}
[2018-01-09 10:52:41] (localhost) {/login.php}
[2018-01-09 10:55:12] (localhost) {/login.php}
[2018-01-09 10:55:13] (localhost) {/login.php}
[2018-01-09 10:56:25] (localhost) {/login.php}
[2018-01-09 10:56:48] (localhost) {/login.php}
[2018-01-09 10:56:48] (localhost) {/login.php}
[2018-01-09 10:57:56] (localhost) {/login.php}
[2018-01-09 10:57:56] (localhost) {/login.php}
[2018-01-09 10:59:07] (localhost) {/login.php}
[2018-01-09 10:59:08] (localhost) {/login.php}
[2018-01-09 11:01:21] (localhost) {/login.php}
[2018-01-09 02:10:00] (localhost) {/login.php}
[2018-01-09 02:10:00] (localhost) {/login.php}
[2018-01-09 02:10:07] (localhost) {/login.php}
[2018-01-09 02:16:16] (localhost) {/login.php}
[2018-01-09 02:17:54] (localhost) {/login.php}
[2018-01-09 02:18:14] (localhost) {/login.php}
[2018-01-09 02:19:21] (localhost) {/login.php}
[2018-01-09 02:23:31] (localhost) {/login.php}
[2018-01-09 02:23:44] (localhost) {/login.php}
[2018-01-09 02:23:44] (localhost) {/admin/index.php}
[2018-01-09 02:24:01] (localhost) {/index.php}
[2018-01-09 02:24:06] (localhost) {/login.php}
[2018-01-09 02:27:32] (localhost) {/login.php}
[2018-01-09 02:27:56] (localhost) {/login.php}
[2018-01-09 02:28:36] (localhost) {/login.php}
[2018-01-09 02:28:37] (localhost) {/index.php}
[2018-01-09 02:28:37] (localhost) {/admin/index.php}
[2018-01-09 02:28:57] (localhost) {/index.php}
[2018-01-09 02:29:07] (localhost) {/login.php}
[2018-01-09 02:32:21] (localhost) {/login.php}
[2018-01-09 02:32:21] (localhost) {/index.php}
[2018-01-09 02:32:21] (localhost) {/admin/index.php}
[2018-01-09 02:32:24] (localhost) {/index.php}
[2018-01-09 02:32:27] (localhost) {/login.php}
[2018-01-09 02:34:12] (localhost) {/login.php}
[2018-01-09 02:35:54] (localhost) {/login.php}
[2018-01-09 02:36:12] (localhost) {/login.php}
[2018-01-09 02:36:27] (localhost) {/login.php}
[2018-01-09 02:44:33] (localhost) {/login.php}
[2018-01-09 02:44:59] (localhost) {/login.php}
[2018-01-09 02:45:44] (localhost) {/login.php}
[2018-01-09 02:47:32] (localhost) {/login.php}
[2018-01-09 02:50:25] (localhost) {/shopkeeper/index.php}
[2018-01-09 02:50:36] (localhost) {/shopProducts.php}
[2018-01-09 03:30:03] (localhost) {/login.php}
[2018-01-09 03:30:03] (localhost) {/index.php}
[2018-01-09 03:30:12] (localhost) {/login.php}
[2018-01-09 03:30:12] (localhost) {/index.php}
[2018-01-09 03:31:29] (localhost) {/login.php}
[2018-01-09 03:48:07] (localhost) {/index.php}
[2018-01-09 03:48:24] (localhost) {/login.php}
[2018-01-09 03:48:32] (localhost) {/admin/index.php}
[2018-01-09 03:48:32] (localhost) {/login.php}
[2018-01-09 03:48:34] (localhost) {/admin/index.php}
[2018-01-09 03:48:34] (localhost) {/login.php}
[2018-01-09 03:48:39] (localhost) {/shopkeeper/index.php}
[2018-01-09 03:48:39] (localhost) {/login.php}
[2018-01-09 03:48:47] (localhost) {/login.php}
[2018-01-09 03:48:54] (localhost) {/index.php}
[2018-01-09 03:48:59] (localhost) {/checkout.php}
[2018-01-09 03:48:59] (localhost) {/login.php}
[2018-01-09 03:49:46] (localhost) {/login.php}
[2018-01-09 03:49:46] (localhost) {/index.php}
[2018-01-09 03:49:46] (localhost) {/admin/index.php}
[2018-01-09 03:49:53] (localhost) {/index.php}
[2018-01-09 03:49:53] (localhost) {/admin/index.php}
[2018-01-09 03:49:59] (localhost) {/shopkeeper/index.php}
[2018-01-09 03:49:59] (localhost) {/admin/index.php}
[2018-01-09 03:50:01] (localhost) {/admin/user.php}
[2018-01-09 03:50:03] (localhost) {/admin/feedback.php}
[2018-01-09 03:50:36] (localhost) {/admin/feedback.php}
[2018-01-09 03:50:39] (localhost) {/index.php}
[2018-01-09 03:50:43] (localhost) {/login.php}
[2018-01-09 03:51:17] (localhost) {/login.php}
[2018-01-09 03:51:17] (localhost) {/index.php}
[2018-01-09 03:51:17] (localhost) {/shopkeeper/index.php}
[2018-01-09 03:51:18] (localhost) {/shopkeeper/select.php}
[2018-01-09 03:51:19] (localhost) {/index.php}
[2018-01-09 03:51:19] (localhost) {/shopkeeper/index.php}
[2018-01-09 03:51:22] (localhost) {/admin/index.php}
[2018-01-09 03:51:23] (localhost) {/admin/index.php}
[2018-01-09 03:51:23] (localhost) {/shopkeeper/index.php}
[2018-01-09 03:51:24] (localhost) {/shopkeeper/select.php}
[2018-01-09 03:51:25] (localhost) {/index.php}
[2018-01-09 03:51:25] (localhost) {/shopkeeper/index.php}
[2018-01-09 03:51:28] (localhost) {/index.php}
[2018-01-09 03:51:28] (localhost) {/shopkeeper/index.php}
[2018-01-09 03:51:29] (localhost) {/shopkeeper/select.php}
[2018-01-09 03:51:29] (localhost) {/index.php}
[2018-01-09 03:51:29] (localhost) {/shopkeeper/index.php}
[2018-01-09 03:51:43] (localhost) {/login.php}
[2018-01-09 03:51:43] (localhost) {/index.php}
[2018-01-09 03:51:43] (localhost) {/shopkeeper/index.php}
[2018-01-09 03:51:45] (localhost) {/shopkeeper/select.php}
[2018-01-09 03:51:45] (localhost) {/index.php}
[2018-01-09 03:51:45] (localhost) {/shopkeeper/index.php}
[2018-01-09 03:51:46] (localhost) {/index.php}
[2018-01-09 03:55:47] (localhost) {/index.php}
[2018-01-09 03:55:53] (localhost) {/checkout.php}
[2018-01-09 03:55:53] (localhost) {/login.php}
[2018-01-09 03:55:56] (localhost) {/login.php}
[2018-01-09 03:56:01] (localhost) {/login.php}
[2018-01-09 04:01:38] (localhost) {/login.php}
[2018-01-09 04:04:20] (localhost) {/login.php}
[2018-01-09 04:04:30] (localhost) {/login.php}
[2018-01-09 04:04:30] (localhost) {/index.php}
[2018-01-09 04:04:30] (localhost) {/shopkeeper/index.php}
[2018-01-09 04:04:31] (localhost) {/shopkeeper/select.php}
[2018-01-09 04:04:32] (localhost) {/index.php}
[2018-01-09 04:04:32] (localhost) {/shopkeeper/index.php}
[2018-01-09 04:04:38] (localhost) {/admin/user.php}
[2018-01-09 04:04:38] (localhost) {/shopkeeper/index.php}
[2018-01-09 04:04:39] (localhost) {/shopkeeper/select.php}
[2018-01-09 04:04:40] (localhost) {/index.php}
[2018-01-09 04:04:40] (localhost) {/shopkeeper/index.php}
[2018-01-09 04:04:44] (localhost) {/admin/user.php}
[2018-01-09 04:04:44] (localhost) {/shopkeeper/index.php}
[2018-01-09 04:04:45] (localhost) {/shopkeeper/select.php}
[2018-01-09 04:04:45] (localhost) {/index.php}
[2018-01-09 04:04:45] (localhost) {/shopkeeper/index.php}
[2018-01-09 04:04:50] (localhost) {/admin/feedback.php}
[2018-01-09 04:04:50] (localhost) {/shopkeeper/index.php}
[2018-01-09 04:04:51] (localhost) {/shopkeeper/select.php}
[2018-01-09 04:04:51] (localhost) {/index.php}
[2018-01-09 04:04:51] (localhost) {/shopkeeper/index.php}
[2018-01-09 04:07:30] (localhost) {/shopkeeper/index.php}
[2018-01-09 04:07:32] (localhost) {/shopkeeper/select.php}
[2018-01-09 04:07:32] (localhost) {/index.php}
[2018-01-09 04:07:32] (localhost) {/shopkeeper/index.php}
[2018-01-09 04:07:38] (localhost) {/admin/user.php}
[2018-01-09 04:07:38] (localhost) {/shopkeeper/index.php}
[2018-01-09 04:07:39] (localhost) {/shopkeeper/select.php}
[2018-01-09 04:07:39] (localhost) {/index.php}
[2018-01-09 04:07:40] (localhost) {/shopkeeper/index.php}
[2018-01-09 04:09:56] (localhost) {/shopkeeper/index.php}
[2018-01-09 04:09:57] (localhost) {/shopkeeper/select.php}
[2018-01-09 04:10:02] (localhost) {/shopkeeper/index.php}
[2018-01-09 04:10:03] (localhost) {/shopkeeper/select.php}
[2018-01-09 04:11:48] (localhost) {/shopkeeper/index.php}
[2018-01-09 04:11:50] (localhost) {/shopkeeper/select.php}
[2018-01-09 04:11:53] (localhost) {/shopkeeper/shopProducts.php}
[2018-01-09 04:12:07] (localhost) {/shopkeeper/select.php}
[2018-01-09 04:12:13] (localhost) {/shopkeeper/index.php}
[2018-01-09 04:12:14] (localhost) {/shopkeeper/select.php}
[2018-01-09 04:21:33] (localhost) {/index.php}
[2018-01-09 04:22:10] (localhost) {/category.php}
[2018-01-09 04:22:34] (localhost) {/index.php}
[2018-01-09 04:22:40] (localhost) {/subcategory.php}
[2018-01-09 04:22:55] (localhost) {/index.php}
[2018-01-09 04:23:05] (localhost) {/subcategory.php}
[2018-01-09 04:23:34] (localhost) {/index.php}
[2018-01-09 04:23:43] (localhost) {/category.php}
[2018-01-09 04:23:50] (localhost) {/index.php}
[2018-01-09 04:23:57] (localhost) {/category.php}
[2018-01-09 04:24:21] (localhost) {/index.php}
[2018-01-09 04:30:41] (localhost) {/index.php}
[2018-01-09 04:43:32] (localhost) {/index.php}
[2018-01-09 04:46:06] (localhost) {/index.php}
[2018-01-09 04:53:09] (localhost) {/index.php}
[2018-01-09 04:53:53] (localhost) {/index.php}
[2018-01-09 04:55:23] (localhost) {/index.php}
[2018-01-09 04:56:09] (localhost) {/index.php}
[2018-01-09 04:57:16] (localhost) {/index.php}
[2018-01-09 05:09:22] (localhost) {/index.php}
[2018-01-09 05:11:24] (localhost) {/index.php}
[2018-01-09 05:12:00] (localhost) {/single.php}
[2018-01-09 05:22:43] (localhost) {/index.php}
[2018-01-09 05:26:50] (localhost) {/index.php}
[2018-01-09 05:28:09] (localhost) {/index.php}
[2018-01-09 05:28:30] (localhost) {/index.php}
[2018-01-09 05:29:00] (localhost) {/index.php}
[2018-01-09 05:30:02] (localhost) {/index.php}
[2018-01-09 05:31:04] (localhost) {/index.php}
[2018-01-09 05:39:21] (localhost) {/index.php}
[2018-01-09 05:41:57] (localhost) {/index.php}
[2018-01-09 05:44:12] (localhost) {/index.php}
[2018-01-09 05:45:50] (localhost) {/index.php}
[2018-01-09 05:47:07] (localhost) {/index.php}
[2018-01-09 05:47:53] (localhost) {/index.php}
[2018-01-09 05:49:07] (localhost) {/index.php}
[2018-01-09 05:49:47] (localhost) {/index.php}
[2018-01-09 05:50:17] (localhost) {/index.php}
[2018-01-09 05:51:32] (localhost) {/index.php}
[2018-01-09 05:53:04] (localhost) {/index.php}
[2018-01-09 05:54:05] (localhost) {/index.php}
[2018-01-09 05:54:25] (localhost) {/index.php}
[2018-01-09 05:57:05] (localhost) {/index.php}
[2018-01-09 05:58:47] (localhost) {/index.php}
[2018-01-09 06:00:46] (localhost) {/index.php}
[2018-01-09 06:01:47] (localhost) {/index.php}
[2018-01-09 06:02:11] (localhost) {/index.php}
[2018-01-09 06:03:55] (localhost) {/index.php}
[2018-01-09 06:04:13] (localhost) {/index.php}
[2018-01-09 06:09:56] (localhost) {/index.php}
[2018-01-09 06:11:24] (localhost) {/index.php}
[2018-01-09 06:12:04] (localhost) {/index.php}
[2018-01-09 06:13:17] (localhost) {/index.php}
[2018-01-09 06:16:57] (localhost) {/index.php}
[2018-01-09 06:20:23] (localhost) {/index.php}
[2018-01-09 06:22:08] (localhost) {/index.php}
[2018-01-09 06:22:31] (localhost) {/index.php}
[2018-01-09 06:24:59] (localhost) {/index.php}
[2018-01-09 06:26:52] (localhost) {/index.php}
[2018-01-09 06:28:02] (localhost) {/index.php}
[2018-01-09 06:30:45] (localhost) {/index.php}
[2018-01-09 06:31:38] (localhost) {/index.php}
[2018-01-09 06:39:08] (localhost) {/index.php}
[2018-01-09 06:39:43] (localhost) {/index.php}
[2018-01-09 06:40:33] (localhost) {/index.php}
[2018-01-09 06:42:59] (localhost) {/index.php}
[2018-01-09 06:43:36] (localhost) {/index.php}
[2018-01-09 06:44:09] (localhost) {/index.php}
[2018-01-09 06:44:37] (localhost) {/index.php}
[2018-01-09 06:45:08] (localhost) {/index.php}
[2018-01-09 07:09:28] (localhost) {/index.php}
[2018-01-09 07:10:23] (localhost) {/index.php}
[2018-01-09 07:11:30] (localhost) {/index.php}
[2018-01-09 07:12:32] (localhost) {/index.php}
[2018-01-09 07:12:54] (localhost) {/index.php}
[2018-01-09 07:14:09] (localhost) {/index.php}
[2018-01-09 07:21:01] (localhost) {/login.php}
[2018-01-09 07:23:16] (localhost) {/login.php}
[2018-01-09 07:24:35] (localhost) {/login.php}
[2018-01-09 07:27:01] (localhost) {/login.php}
[2018-01-09 07:27:50] (localhost) {/login.php}
[2018-01-09 07:28:33] (localhost) {/login.php}
[2018-01-09 07:29:26] (localhost) {/login.php}
[2018-01-09 07:30:48] (localhost) {/orderhistory.php}
[2018-01-09 07:31:23] (localhost) {/orderhistory.php}
[2018-01-09 07:31:23] (localhost) {/index.php}
[2018-01-09 07:31:28] (localhost) {/orderhistory.php}
[2018-01-09 07:31:28] (localhost) {/index.php}
[2018-01-09 07:31:36] (localhost) {/login.php}
[2018-01-09 07:33:34] (localhost) {/login.php}
[2018-01-09 07:33:34] (localhost) {/index.php}
[2018-01-09 07:33:34] (localhost) {/shopkeeper/index.php}
[2018-01-09 07:33:35] (localhost) {/shopkeeper/select.php}
[2018-01-09 07:33:43] (localhost) {/index.php}
[2018-01-09 07:33:48] (localhost) {/login.php}
[2018-01-09 07:34:01] (localhost) {/login.php}
[2018-01-09 07:34:01] (localhost) {/index.php}
[2018-01-09 07:34:04] (localhost) {/orderhistory.php}
[2018-01-09 07:34:04] (localhost) {/index.php}
[2018-01-09 07:34:18] (localhost) {/orderhistory.php}
[2018-01-09 07:34:18] (localhost) {/index.php}
[2018-01-09 07:35:30] (localhost) {/orderhistory.php}
[2018-01-09 07:47:55] (localhost) {/index.php}
[2018-01-09 07:47:59] (localhost) {/login.php}
[2018-01-09 07:49:21] (localhost) {/login.php}
[2018-01-09 07:49:31] (localhost) {/login.php}
[2018-01-09 07:49:38] (localhost) {/login.php}
[2018-01-09 07:49:38] (localhost) {/index.php}
[2018-01-09 07:49:42] (localhost) {/index.php}
[2018-01-09 07:49:44] (localhost) {/login.php}
[2018-01-09 07:50:29] (localhost) {/login.php}
[2018-01-10 06:34:55] (localhost) {/index.php}
[2018-01-10 06:35:01] (localhost) {/orderhistory.php}
[2018-01-10 06:35:01] (localhost) {/login.php}
[2018-01-10 06:35:11] (localhost) {/login.php}
[2018-01-10 06:35:11] (localhost) {/index.php}
[2018-01-10 06:35:16] (localhost) {/orderhistory.php}
[2018-01-10 07:20:55] (localhost) {/index.php}
[2018-01-10 07:27:42] (localhost) {/index.php}
[2018-01-10 07:30:29] (localhost) {/category.php}
[2018-01-10 07:30:34] (localhost) {/subcategory.php}
[2018-01-10 07:31:19] (localhost) {/checkout.php}
[2018-01-10 07:31:19] (localhost) {/login.php}
[2018-01-10 07:36:32] (localhost) {/login.php}
[2018-01-10 07:36:49] (localhost) {/login.php}
[2018-01-10 07:36:49] (localhost) {/index.php}
[2018-01-10 07:36:59] (localhost) {/orderhistory.php}
[2018-01-10 07:37:03] (localhost) {/checkout.php}
[2018-01-10 07:37:36] (localhost) {/checkout.php}
[2018-01-10 07:53:51] (localhost) {/index.php}
[2018-01-10 07:53:53] (localhost) {/login.php}
[2018-01-10 07:58:56] (localhost) {/index.php}
[2018-01-10 08:07:50] (localhost) {/login.php}
[2018-01-10 08:12:16] (localhost) {/index.php}
[2018-01-10 08:12:19] (localhost) {/register.php}
[2018-01-10 08:13:10] (localhost) {/login.php}
[2018-01-10 08:13:21] (localhost) {/index.php}
[2018-01-10 08:13:30] (localhost) {/newProducts.php}
[2018-01-10 08:16:05] (localhost) {/index.php}
[2018-01-10 08:16:24] (localhost) {/saleProducts.php}
[2018-01-10 08:17:10] (localhost) {/index.php}
[2018-01-10 08:20:21] (localhost) {/single.php}
[2018-01-10 08:21:19] (localhost) {/index.php}
[2018-01-10 08:23:40] (localhost) {/index.php}
[2018-01-10 08:25:29] (localhost) {/index.php}
[2018-01-10 08:28:16] (localhost) {/about.php}
[2018-01-10 08:29:13] (localhost) {/about.php}
[2018-01-10 08:33:03] (localhost) {/index.php}
[2018-01-10 08:35:13] (localhost) {/register.php}
[2018-01-10 08:36:24] (localhost) {/register.php}
[2018-01-10 08:37:28] (localhost) {/index.php}
[2018-01-10 08:37:32] (localhost) {/register.php}
[2018-01-10 08:37:54] (localhost) {/register.php}
[2018-01-10 08:38:55] (localhost) {/index.php}
[2018-01-10 08:39:01] (localhost) {/login.php}
[2018-01-10 08:39:17] (localhost) {/login.php}
[2018-01-10 08:39:17] (localhost) {/index.php}
[2018-01-10 08:40:07] (localhost) {/index.php}
[2018-01-10 08:40:13] (localhost) {/register.php}
[2018-01-10 08:40:38] (localhost) {/register.php}
[2018-01-10 08:40:38] (localhost) {/index.php}
[2018-01-10 08:40:44] (localhost) {/index.php}
[2018-01-10 08:40:47] (localhost) {/register.php}
[2018-01-10 08:41:03] (localhost) {/register.php}
[2018-01-10 08:41:51] (localhost) {/index.php}
[2018-01-10 08:41:59] (localhost) {/login.php}
[2018-01-10 08:42:17] (localhost) {/login.php}
[2018-01-10 08:42:17] (localhost) {/index.php}
[2018-01-10 08:47:43] (localhost) {/profile.php}
[2018-01-10 08:47:43] (localhost) {/index.php}
[2018-01-10 08:47:46] (localhost) {/profile.php}
[2018-01-10 08:47:46] (localhost) {/index.php}
[2018-01-10 08:49:48] (localhost) {/profile.php}
[2018-01-10 08:52:00] (localhost) {/profile.php}
[2018-01-10 08:53:14] (localhost) {/profile.php}
[2018-01-10 08:54:14] (localhost) {/profile.php}
[2018-01-10 08:57:48] (localhost) {/profile.php}
[2018-01-10 09:00:23] (localhost) {/profile.php}
[2018-01-10 09:00:43] (localhost) {/profile.php}
[2018-01-10 09:01:21] (localhost) {/profile.php}
[2018-01-10 09:01:58] (localhost) {/profile.php}
[2018-01-10 09:02:13] (localhost) {/profile.php}
[2018-01-10 09:02:40] (localhost) {/contact.php}
[2018-01-10 09:03:01] (localhost) {/profile.php}
[2018-01-10 09:03:53] (localhost) {/profile.php}
[2018-01-10 09:04:03] (localhost) {/profile.php}
[2018-01-10 09:04:14] (localhost) {/profile.php}
[2018-01-10 09:08:52] (localhost) {/profile.php}
[2018-01-10 09:08:58] (localhost) {/profile.php}
[2018-01-10 09:09:06] (localhost) {/profile.php}
[2018-01-10 09:10:29] (localhost) {/profile.php}
[2018-01-10 09:13:31] (localhost) {/index.php}
[2018-01-10 09:13:53] (localhost) {/checkout.php}
[2018-01-10 09:14:14] (localhost) {/index.php}
[2018-01-10 09:15:27] (localhost) {/newProducts.php}
[2018-01-10 09:15:32] (localhost) {/index.php}
[2018-01-10 09:15:40] (localhost) {/saleProducts.php}
[2018-01-10 09:16:38] (localhost) {/index.php}
[2018-01-10 09:16:40] (localhost) {/index.php}
[2018-01-10 09:16:42] (localhost) {/login.php}
[2018-01-10 09:26:09] (localhost) {/login.php}
[2018-01-10 09:26:09] (localhost) {/index.php}
[2018-01-10 09:26:09] (localhost) {/admin/index.php}
[2018-01-10 09:27:06] (localhost) {/index.php}
[2018-01-10 09:27:09] (localhost) {/login.php}
[2018-01-10 09:27:57] (localhost) {/login.php}
[2018-01-10 09:28:49] (localhost) {/register.php}
[2018-01-10 09:28:56] (localhost) {/login.php}
[2018-01-10 09:29:27] (localhost) {/login.php}
[2018-01-10 09:29:27] (localhost) {/index.php}
[2018-01-10 09:29:27] (localhost) {/admin/index.php}
[2018-01-10 09:29:35] (localhost) {/admin/feedback.php}
[2018-01-10 09:40:53] (localhost) {/admin/index.php}
[2018-01-10 09:41:41] (localhost) {/index.php}
[2018-01-10 09:41:44] (localhost) {/register.php}
[2018-01-10 09:42:01] (localhost) {/register.php}
[2018-01-10 09:42:01] (localhost) {/index.php}
[2018-01-10 09:42:16] (localhost) {/contact.php}
[2018-01-10 09:47:48] (localhost) {/index.php}
[2018-01-10 09:48:11] (localhost) {/checkout.php}
[2018-01-10 09:52:08] (localhost) {/index.php}
[2018-01-10 09:52:27] (localhost) {/login.php}
[2018-01-10 09:53:28] (localhost) {/login.php}
[2018-01-10 09:53:28] (localhost) {/index.php}
[2018-01-10 09:53:28] (localhost) {/admin/index.php}
[2018-01-10 09:54:16] (localhost) {/admin/feedback.php}
[2018-01-10 09:54:22] (localhost) {/admin/user.php}
[2018-01-10 09:54:34] (localhost) {/index.php}
[2018-01-10 10:00:04] (localhost) {/checkout.php}
[2018-01-10 10:00:04] (localhost) {/login.php}
[2018-01-10 10:00:11] (localhost) {/login.php}
[2018-01-10 10:00:11] (localhost) {/index.php}
[2018-01-10 10:00:13] (localhost) {/checkout.php}
[2018-01-10 10:00:17] (localhost) {/index.php}
[2018-01-10 10:00:32] (localhost) {/profile.php}
[2018-01-10 10:00:40] (localhost) {/index.php}
[2018-01-10 10:00:48] (localhost) {/checkout.php}
[2018-01-10 10:03:59] (localhost) {/index.php}
[2018-01-10 10:06:52] (localhost) {/category.php}
[2018-01-10 10:07:05] (localhost) {/subcategory.php}
[2018-01-10 10:08:05] (localhost) {/contact.php}
[2018-01-10 10:08:52] (localhost) {/index.php}
[2018-01-10 10:09:10] (localhost) {/newProducts.php}
[2018-01-10 10:12:35] (localhost) {/newProducts.php}
[2018-01-10 10:12:56] (localhost) {/index.php}
[2018-01-10 10:13:02] (localhost) {/saleProducts.php}
[2018-01-10 10:14:33] (localhost) {/saleProducts.php}
[2018-01-10 10:14:53] (localhost) {/single.php}
[2018-01-10 10:20:54] (localhost) {/single.php}
[2018-01-10 10:20:59] (localhost) {/single.php}
[2018-01-10 10:21:03] (localhost) {/single.php}
[2018-01-10 10:23:28] (localhost) {/index.php}
[2018-01-10 10:25:28] (localhost) {/index.php}
[2018-01-10 10:26:13] (localhost) {/login.php}
[2018-01-10 10:26:28] (localhost) {/login.php}
[2018-01-10 10:26:28] (localhost) {/index.php}
[2018-01-10 10:26:40] (localhost) {/profile.php}
[2018-01-10 10:27:43] (localhost) {/profile.php}
[2018-01-10 10:27:44] (localhost) {/index.php}
[2018-01-10 10:27:46] (localhost) {/index.php}
[2018-01-10 10:27:48] (localhost) {/login.php}
[2018-01-10 10:27:52] (localhost) {/login.php}
[2018-01-10 10:27:56] (localhost) {/login.php}
[2018-01-10 10:29:27] (localhost) {/login.php}
[2018-01-10 10:29:27] (localhost) {/index.php}
[2018-01-10 10:31:04] (localhost) {/checkout.php}
[2018-01-10 10:31:28] (localhost) {/orderhistory.php}
[2018-01-10 10:31:42] (localhost) {/index.php}
[2018-01-10 10:32:03] (localhost) {/newProducts.php}
[2018-01-10 10:32:09] (localhost) {/index.php}
[2018-01-10 10:32:38] (localhost) {/index.php}
[2018-01-10 10:32:43] (localhost) {/index.php}
[2018-01-10 10:33:04] (localhost) {/login.php}
[2018-01-10 10:34:30] (localhost) {/newProducts.php}
[2018-01-10 10:35:21] (localhost) {/login.php}
[2018-01-10 10:35:44] (localhost) {/login.php}
[2018-01-10 10:35:44] (localhost) {/index.php}
[2018-01-10 10:35:44] (localhost) {/admin/index.php}
[2018-01-10 10:36:43] (localhost) {/admin/user.php}
[2018-01-10 10:37:13] (localhost) {/admin/index.php}
[2018-01-10 10:37:15] (localhost) {/admin/feedback.php}
[2018-01-10 10:37:24] (localhost) {/admin/index.php}
[2018-01-10 10:37:33] (localhost) {/index.php}
[2018-01-10 10:37:36] (localhost) {/contact.php}
[2018-01-10 10:38:00] (localhost) {/contact.php}
[2018-01-10 10:38:05] (localhost) {/login.php}
[2018-01-10 10:38:08] (localhost) {/login.php}
[2018-01-10 10:38:08] (localhost) {/index.php}
[2018-01-10 10:38:08] (localhost) {/admin/index.php}
[2018-01-10 10:38:10] (localhost) {/admin/feedback.php}
[2018-01-10 10:38:19] (localhost) {/admin/index.php}
[2018-01-10 10:38:36] (localhost) {/index.php}
[2018-01-10 10:38:38] (localhost) {/register.php}
[2018-01-10 10:39:24] (localhost) {/register.php}
[2018-01-10 10:39:45] (localhost) {/register.php}
[2018-01-10 10:39:45] (localhost) {/index.php}
[2018-01-10 10:39:52] (localhost) {/index.php}
[2018-01-10 10:39:55] (localhost) {/login.php}
[2018-01-10 10:39:58] (localhost) {/login.php}
[2018-01-10 10:39:58] (localhost) {/index.php}
[2018-01-10 10:39:58] (localhost) {/admin/index.php}
[2018-01-10 10:40:00] (localhost) {/admin/user.php}
[2018-01-10 10:40:22] (localhost) {/admin/index.php}
[2018-01-11 11:56:46] (localhost) {/index.php}
[2018-01-11 11:56:54] (localhost) {/index.php}
[2019-06-15 11:24:05] (localhost) {/index.php}
[2019-06-15 11:24:12] (localhost) {/newProducts.php}
[2019-06-15 11:24:44] (localhost) {/newProducts.php}
[2019-06-15 11:29:13] (localhost) {/newProducts.php}
[2019-06-15 11:29:17] (localhost) {/newProducts.php}
[2019-06-15 11:29:38] (localhost) {/single.php}
[2019-06-15 11:31:22] (localhost) {/login.php}
[2019-06-15 11:37:50] (localhost) {/contact.php}
[2019-06-15 11:37:54] (localhost) {/login.php}
[2019-06-15 11:44:57] (localhost) {/admin/index.php}
[2019-06-15 11:44:57] (localhost) {/login.php}
[2019-06-15 11:45:10] (localhost) {/login.php}
[2019-06-15 11:45:52] (localhost) {/login.php}
[2019-06-15 11:45:52] (localhost) {/index.php}
[2019-06-15 11:45:52] (localhost) {/admin/index.php}
[2019-06-15 11:46:25] (localhost) {/admin/user.php}
[2019-06-15 11:46:58] (localhost) {/admin/feedback.php}
[2019-06-15 11:47:04] (localhost) {/index.php}
[2019-06-15 11:47:47] (localhost) {/login.php}
[2019-06-15 11:48:00] (localhost) {/login.php}
[2019-06-15 11:48:00] (localhost) {/index.php}
[2019-06-15 11:48:08] (localhost) {/profile.php}
[2019-06-15 11:48:46] (localhost) {/index.php}
[2019-06-15 11:49:47] (localhost) {/login.php}
[2019-06-15 11:49:55] (localhost) {/login.php}
[2019-06-15 11:49:56] (localhost) {/index.php}
[2019-06-15 11:49:56] (localhost) {/shopkeeper/index.php}
[2019-06-15 11:49:56] (localhost) {/shopkeeper/select.php}
[2019-06-15 11:50:45] (localhost) {/shopkeeper/index.php}
[2019-06-15 11:50:46] (localhost) {/shopkeeper/select.php}
[2019-06-15 11:51:40] (localhost) {/shopkeeper/index.php}
[2019-06-15 11:51:40] (localhost) {/shopkeeper/select.php}
[2019-06-15 11:53:56] (localhost) {/shopkeeper/index.php}
[2019-06-15 11:53:56] (localhost) {/shopkeeper/select.php}
[2019-06-15 11:58:08] (localhost) {/shopkeeper/index.php}
[2019-06-15 11:58:08] (localhost) {/shopkeeper/select.php}
[2019-06-15 11:58:15] (localhost) {/shopkeeper/index.php/img/profileImage/undefined}
[2019-06-15 11:58:15] (localhost) {/index.php}
[2019-06-15 11:58:15] (localhost) {/shopkeeper/index.php}
[2019-06-15 11:59:16] (localhost) {/shopkeeper/select.php}
[2019-06-15 11:59:48] (localhost) {/shopkeeper/select.php}
